<?xml version="1.0" encoding="UTF-8"?>
<testng-results ignored="0" total="1" passed="1" failed="0" skipped="0">
  <reporter-output>
  </reporter-output>
  <suite started-at="2022-12-26T05:17:07Z" name="Suite" finished-at="2022-12-26T05:17:15Z" duration-ms="7877">
    <groups>
    </groups>
    <test started-at="2022-12-26T05:17:07Z" name="Test1" finished-at="2022-12-26T05:17:15Z" duration-ms="7877">
      <class name="com.org.tester.webtest.App">
        <test-method is-config="true" signature="setupbrowser(java.lang.String)[pri:0, instance:com.org.tester.webtest.App@51133c06]" started-at="2022-12-26T05:17:07Z" name="setupbrowser" finished-at="2022-12-26T05:17:14Z" duration-ms="6830" status="PASS">
          <params>
            <param index="0">
              <value>
                <![CDATA[local]]>
              </value>
            </param>
          </params>
          <reporter-output>
          </reporter-output>
        </test-method> <!-- setupbrowser -->
        <test-method signature="fillthepage()[pri:0, instance:com.org.tester.webtest.App@51133c06]" started-at="2022-12-26T05:17:14Z" name="fillthepage" finished-at="2022-12-26T05:17:14Z" duration-ms="686" status="PASS">
          <reporter-output>
          </reporter-output>
        </test-method> <!-- fillthepage -->
        <test-method is-config="true" signature="kill()[pri:0, instance:com.org.tester.webtest.App@51133c06]" started-at="2022-12-26T05:17:14Z" name="kill" finished-at="2022-12-26T05:17:15Z" duration-ms="289" status="PASS">
          <reporter-output>
          </reporter-output>
        </test-method> <!-- kill -->
      </class> <!-- com.org.tester.webtest.App -->
    </test> <!-- Test1 -->
  </suite> <!-- Suite -->
</testng-results>
